[2026-03-31T02:12:07.198057+00:00] Round 'bg': error (10.1s, $0.0936)
[2026-03-31T02:12:11.705540+00:00] Round 'inline': done (14.6s, $0.0919)
[2026-03-31T02:16:12.247101+00:00] Round 'inline': done (15.3s, $0.0919)
[2026-03-31T02:16:13.907110+00:00] Round 'bg': error (17.0s, $0.0943)
[2026-03-31T02:19:43.015204+00:00] Round 'bg': error (7.2s, $0.0939)
[2026-03-31T02:19:48.940253+00:00] Round 'inline': done (13.1s, $0.0919)
[2026-03-31T02:22:56.891049+00:00] Round 'bg': done (11.3s, $0.0948)
[2026-03-31T02:23:00.407443+00:00] Round 'inline': done (14.8s, $0.0919)
[2026-03-31T02:26:23.954544+00:00] Round 'bg': error (13.1s, $0.0960)
[2026-03-31T02:26:24.101696+00:00] Round 'inline': done (13.2s, $0.0919)
[2026-03-31T02:29:50.663809+00:00] Round 'bg': error (11.1s, $0.0948)
[2026-03-31T02:29:53.058190+00:00] Round 'inline': done (13.5s, $0.0919)
[2026-03-31T02:33:33.418433+00:00] Round 'bg': error (10.9s, $0.0949)
[2026-03-31T02:33:35.799285+00:00] Round 'inline': done (13.3s, $0.0928)
[2026-03-31T02:39:39.019633+00:00] Round 'bg': error (11.9s, $0.0000)
[2026-03-31T02:39:41.279885+00:00] Round 'inline': error (14.1s, $0.0000)
[2026-03-31T02:41:11.306461+00:00] Round 'inline': error (15.7s, $0.0000)
[2026-03-31T02:41:13.492930+00:00] Round 'bg': error (17.9s, $0.0000)
[2026-03-31T02:43:19.824596+00:00] Round 'bg': error (10.7s, $0.0949)
[2026-03-31T02:43:26.027975+00:00] Round 'inline': done (16.9s, $0.0919)
[2026-03-31T02:48:46.612393+00:00] Round 'inline': done (6.8s, $0.0919)
[2026-03-31T02:48:58.013558+00:00] Round 'bg': error (18.2s, $0.0949)
[2026-03-31T02:51:52.757094+00:00] Round 'inline': done (5.0s, $0.0919)
[2026-03-31T02:52:05.578737+00:00] Round 'bg': error (17.9s, $0.0946)
[2026-03-31T03:05:38.831750+00:00] Round 'inline': done (7.3s, $0.0920)
[2026-03-31T03:05:49.990178+00:00] Round 'bg': error (18.5s, $0.0938)
[2026-03-31T03:08:19.619157+00:00] Round 'bg': error (10.7s, $0.0937)
[2026-03-31T03:08:21.557439+00:00] Round 'inline': done (12.6s, $0.0920)
[2026-03-31T03:10:04.274951+00:00] Round 'bg': done (11.3s, $0.0948)
[2026-03-31T03:10:12.979541+00:00] Round 'inline': done (19.9s, $0.0920)
[2026-03-31T03:12:52.714581+00:00] Round 'bg': error (8.7s, $0.0938)
[2026-03-31T03:12:56.124901+00:00] Round 'inline': done (12.1s, $0.0920)
[2026-03-31T03:15:44.532244+00:00] Round 'bg': error (9.0s, $0.0938)
[2026-03-31T03:15:51.089588+00:00] Round 'inline': done (15.6s, $0.0921)
[2026-03-31T03:18:31.324920+00:00] Round 'bg': error (11.4s, $0.0942)
[2026-03-31T03:18:34.395987+00:00] Round 'inline': done (14.5s, $0.0921)
[2026-03-31T14:25:31.234792+00:00] Round 'bg': error (12.4s, $0.0937)
[2026-03-31T14:25:35.768296+00:00] Round 'inline': done (16.9s, $0.0909)
[2026-03-31T14:28:45.228905+00:00] Round 'bg': error (12.3s, $0.0931)
[2026-03-31T14:28:47.628016+00:00] Round 'inline': done (14.6s, $0.0909)
[2026-03-31T14:30:46.004285+00:00] Round 'bg': error (9.7s, $0.0928)
[2026-03-31T14:30:53.781377+00:00] Round 'inline': done (17.4s, $0.0909)
[2026-03-31T14:35:08.225985+00:00] Round 'bg': error (14.8s, $0.0928)
[2026-03-31T14:35:10.193661+00:00] Round 'inline': done (16.7s, $0.0909)
[2026-03-31T14:41:17.925845+00:00] Round 'bg': error (13.9s, $0.0928)
[2026-03-31T14:41:20.599374+00:00] Round 'inline': done (16.5s, $0.0909)
[2026-03-31T14:56:51.659738+00:00] Round 'inline': done (9.4s, $0.0909)
[2026-03-31T14:57:05.953063+00:00] Round 'bg': error (23.8s, $0.0936)
[2026-03-31T14:59:28.803215+00:00] Round 'inline': done (18.8s, $0.0909)
[2026-03-31T14:59:38.161162+00:00] Round 'bg': error (28.2s, $0.0927)
[2026-03-31T15:28:32.522160+00:00] Round 'inline': done (15.3s, $0.0909)
[2026-03-31T15:28:33.344725+00:00] Round 'bg': error (16.1s, $0.0933)
[2026-03-31T15:31:00.412276+00:00] Round 'bg': error (11.6s, $0.0925)
[2026-03-31T15:31:14.300054+00:00] Round 'inline': done (25.5s, $0.0909)
[2026-03-31T15:37:35.031540+00:00] Round 'bg': error (12.3s, $0.0928)
[2026-03-31T15:37:36.850560+00:00] Round 'inline': done (14.1s, $0.0909)
[2026-03-31T15:40:32.491920+00:00] Round 'bg': error (9.6s, $0.0933)
[2026-03-31T15:40:37.664044+00:00] Round 'inline': done (14.7s, $0.0909)
[2026-03-31T17:12:14.455455+00:00] Round 'bg': error (9.7s, $0.0928)
[2026-03-31T17:12:19.313709+00:00] Round 'inline': done (14.6s, $0.0909)
[2026-03-31T17:16:52.931515+00:00] Round 'bg': error (9.8s, $0.0936)
[2026-03-31T17:16:55.864008+00:00] Round 'inline': done (12.7s, $0.0909)
[2026-03-31T17:25:59.991040+00:00] Round 'inline': done (5.5s, $0.0909)
[2026-03-31T17:26:13.012375+00:00] Round 'bg': error (18.6s, $0.0926)
[2026-03-31T17:32:07.385751+00:00] Round 'bg': error (9.8s, $0.0928)
[2026-03-31T17:32:11.355060+00:00] Round 'inline': done (13.7s, $0.0909)
[2026-03-31T17:38:12.852325+00:00] Round 'bg': error (7.8s, $0.0931)
[2026-03-31T17:38:17.685914+00:00] Round 'inline': done (12.6s, $0.0909)
[2026-03-31T17:48:02.800708+00:00] Round 'bg': error (10.3s, $0.0939)
[2026-03-31T17:48:07.418101+00:00] Round 'inline': done (14.8s, $0.0910)
[2026-03-31T17:51:26.854433+00:00] Round 'bg': error (10.5s, $0.0931)
[2026-03-31T17:51:34.267518+00:00] Round 'inline': done (17.8s, $0.0910)
[2026-03-31T18:00:25.960660+00:00] Round 'bg': error (11.1s, $0.0937)
[2026-03-31T18:00:28.428830+00:00] Round 'inline': done (13.5s, $0.0910)
[2026-03-31T18:04:30.296630+00:00] Round 'inline': error (15.5s, $0.0000)
[2026-03-31T18:04:33.001637+00:00] Round 'bg': error (18.2s, $0.0000)
[2026-03-31T18:16:42.064526+00:00] Round 'bg': error (12.8s, $0.0931)
[2026-03-31T18:16:48.325236+00:00] Round 'inline': done (19.0s, $0.0910)
[2026-03-31T18:22:48.070799+00:00] Round 'inline': done (14.3s, $0.0910)
[2026-03-31T18:22:52.216822+00:00] Round 'bg': error (18.5s, $0.0928)
[2026-03-31T18:24:29.645897+00:00] Round 'bg': error (10.3s, $0.0934)
[2026-03-31T18:24:33.811930+00:00] Round 'inline': done (14.4s, $0.0910)
[2026-03-31T18:28:07.660713+00:00] Round 'inline': done (17.0s, $0.0910)
[2026-03-31T18:28:08.862616+00:00] Round 'bg': error (18.3s, $0.0940)
[2026-03-31T18:40:21.013590+00:00] Round 'bg': error (20.7s, $0.0930)
[2026-03-31T18:40:34.684589+00:00] Round 'inline': done (34.3s, $0.0910)
[2026-03-31T19:18:26.764368+00:00] Round 'bg': error (10.8s, $0.0927)
[2026-03-31T19:18:39.996442+00:00] Round 'inline': done (24.0s, $0.0910)
[2026-03-31T19:41:52.000189+00:00] Round 'bg': error (15.2s, $0.0933)
[2026-03-31T19:41:52.219317+00:00] Round 'inline': done (15.4s, $0.0910)
[2026-03-31T19:47:05.281714+00:00] Round 'bg': error (11.2s, $0.0931)
[2026-03-31T19:47:12.090272+00:00] Round 'inline': done (18.0s, $0.0911)
[2026-03-31T20:08:18.037373+00:00] Round 'inline': done (7.6s, $0.0911)
[2026-03-31T20:08:25.715906+00:00] Round 'bg': error (15.3s, $0.0934)
[2026-03-31T20:10:22.196662+00:00] Round 'bg': error (11.1s, $0.0928)
[2026-03-31T20:10:26.567846+00:00] Round 'inline': done (15.4s, $0.0911)
[2026-03-31T20:57:51.390778+00:00] Round 'bg': error (8.8s, $0.0929)
[2026-03-31T20:58:01.433797+00:00] Round 'inline': done (18.7s, $0.0911)
[2026-03-31T21:14:09.560125+00:00] Round 'inline': done (6.9s, $0.0911)
[2026-03-31T21:14:22.671924+00:00] Round 'bg': error (20.1s, $0.0935)
[2026-03-31T21:16:09.430496+00:00] Round 'inline': done (8.3s, $0.0911)
[2026-03-31T21:16:18.717012+00:00] Round 'bg': error (17.7s, $0.0927)
[2026-03-31T21:18:38.111356+00:00] Round 'bg': error (10.8s, $0.0929)
[2026-03-31T21:18:44.813331+00:00] Round 'inline': done (17.4s, $0.0911)
[2026-03-31T21:27:11.155475+00:00] Round 'bg': error (14.5s, $0.0929)
[2026-03-31T21:27:15.102531+00:00] Round 'inline': done (18.8s, $0.0911)
[2026-03-31T21:29:53.266906+00:00] Round 'bg': error (10.4s, $0.0929)
[2026-03-31T21:30:00.348559+00:00] Round 'inline': done (17.4s, $0.0911)
[2026-03-31T21:34:16.502118+00:00] Round 'bg': error (12.3s, $0.0931)
[2026-03-31T21:34:21.606217+00:00] Round 'inline': done (17.4s, $0.0912)
[2026-03-31T21:46:25.547018+00:00] Round 'bg': error (10.6s, $0.0930)
[2026-03-31T21:46:28.040481+00:00] Round 'inline': done (13.0s, $0.0911)
[2026-03-31T22:17:59.536239+00:00] Round 'bg': error (12.2s, $0.0933)
[2026-03-31T22:18:04.130690+00:00] Round 'inline': done (16.8s, $0.0911)
[2026-03-31T23:06:16.900850+00:00] Round 'bg': error (8.4s, $0.0936)
[2026-03-31T23:06:21.576595+00:00] Round 'inline': done (13.0s, $0.0911)
[2026-03-31T23:09:29.698786+00:00] Round 'bg': error (11.1s, $0.0936)
[2026-03-31T23:09:33.135924+00:00] Round 'inline': done (14.5s, $0.0911)
[2026-03-31T23:10:34.262187+00:00] Round 'inline': done (7.1s, $0.0911)
[2026-03-31T23:10:42.526302+00:00] Round 'bg': error (15.5s, $0.0931)
[2026-03-31T23:12:34.634707+00:00] Round 'bg': error (12.9s, $0.0928)
[2026-03-31T23:12:36.845098+00:00] Round 'inline': done (15.0s, $0.0912)
[2026-03-31T23:16:42.340466+00:00] Round 'bg': error (8.9s, $0.0927)
[2026-03-31T23:16:48.513286+00:00] Round 'inline': done (15.0s, $0.0912)
[2026-03-31T23:18:44.799749+00:00] Round 'bg': error (11.4s, $0.0938)
[2026-03-31T23:18:46.205979+00:00] Round 'inline': done (12.7s, $0.0911)
[2026-03-31T23:21:27.745218+00:00] Round 'inline': done (6.9s, $0.0911)
[2026-03-31T23:21:37.791752+00:00] Round 'bg': error (17.0s, $0.0932)
[2026-03-31T23:52:31.323328+00:00] Round 'bg': error (9.2s, $0.0933)
[2026-03-31T23:52:36.967362+00:00] Round 'inline': done (14.8s, $0.0914)
[2026-03-31T23:54:42.977679+00:00] Round 'bg': error (14.0s, $0.0947)
[2026-03-31T23:54:43.812777+00:00] Round 'inline': done (14.8s, $0.0914)
[2026-03-31T23:56:30.345730+00:00] Round 'bg': error (10.2s, $0.0935)
[2026-03-31T23:56:35.492504+00:00] Round 'inline': done (15.3s, $0.0914)
[2026-04-01T00:27:19.214333+00:00] Round 'bg': error (10.8s, $0.0934)
[2026-04-01T00:27:23.206522+00:00] Round 'inline': done (14.7s, $0.0914)
[2026-04-01T00:31:31.868581+00:00] Round 'inline': done (7.3s, $0.0914)
[2026-04-01T00:31:42.436171+00:00] Round 'bg': error (18.0s, $0.0940)
[2026-04-01T00:32:44.046920+00:00] Round 'inline': done (7.0s, $0.0914)
[2026-04-01T00:32:54.612818+00:00] Round 'bg': error (17.7s, $0.0931)
[2026-04-01T00:33:49.683717+00:00] Round 'inline': done (6.6s, $0.0914)
[2026-04-01T00:33:51.448966+00:00] Round 'bg': error (8.4s, $0.0934)
[2026-04-01T00:34:18.703314+00:00] Round 'inline': done (6.8s, $0.0914)
[2026-04-01T00:34:29.755473+00:00] Round 'bg': error (17.9s, $0.0934)
[2026-04-01T00:35:23.252769+00:00] Round 'inline': done (14.6s, $0.0914)
[2026-04-01T00:35:36.185662+00:00] Round 'bg': error (27.6s, $0.0930)
[2026-04-01T00:36:03.002422+00:00] Round 'inline': done (6.2s, $0.0914)
[2026-04-01T00:36:14.156579+00:00] Round 'bg': error (17.4s, $0.0934)
[2026-04-01T02:13:45.577364+00:00] Round 'inline': done (8.1s, $0.0926)
[2026-04-01T02:13:54.771244+00:00] Round 'bg': error (17.4s, $0.0944)
[2026-04-01T02:15:22.473332+00:00] Round 'bg': error (9.8s, $0.0945)
[2026-04-01T02:15:27.374369+00:00] Round 'inline': done (14.7s, $0.0926)
[2026-04-01T02:16:04.752058+00:00] Round 'inline': done (7.6s, $0.0927)
[2026-04-01T02:16:07.089410+00:00] Round 'bg': error (10.0s, $0.0948)
[2026-04-01T02:17:33.723757+00:00] Round 'inline': done (5.2s, $0.0926)
[2026-04-01T02:17:46.646222+00:00] Round 'bg': error (18.1s, $0.0944)
[2026-04-01T02:21:13.324357+00:00] Round 'inline': done (7.7s, $0.0926)
[2026-04-01T02:21:21.361489+00:00] Round 'bg': error (15.8s, $0.0946)
[2026-04-01T02:22:48.844818+00:00] Round 'inline': done (15.6s, $0.0927)
[2026-04-01T02:22:50.959035+00:00] Round 'bg': error (17.7s, $0.0946)
[2026-04-01T12:13:32.069285+00:00] Round 'bg': error (7.9s, $0.0942)
[2026-04-01T12:13:37.911468+00:00] Round 'inline': done (13.7s, $0.0926)
[2026-04-01T12:15:12.906971+00:00] Round 'inline': done (7.4s, $0.0927)
[2026-04-01T12:15:16.061740+00:00] Round 'bg': error (10.7s, $0.0945)
[2026-04-01T12:16:59.188344+00:00] Round 'bg': error (10.8s, $0.0948)
[2026-04-01T12:17:03.195343+00:00] Round 'inline': done (14.7s, $0.0926)
[2026-04-01T12:18:22.701655+00:00] Round 'bg': error (15.3s, $0.0952)
[2026-04-01T12:18:24.289005+00:00] Round 'inline': done (16.8s, $0.0926)
[2026-04-01T12:18:33.529097+00:00] Round 'inline': done (4.8s, $0.0927)
[2026-04-01T12:18:46.096350+00:00] Round 'bg': error (17.5s, $0.0129)
[2026-04-01T12:19:58.396702+00:00] Round 'bg': error (8.4s, $0.0947)
[2026-04-01T12:21:04.709061+00:00] Round 'bg': error (15.4s, $0.0942)
[2026-04-01T12:21:06.148905+00:00] Round 'inline': done (16.7s, $0.0927)
[2026-04-01T23:22:57.030552+00:00] Round 'bg': error (0.3s, $0.0000)
[2026-04-01T23:22:57.041577+00:00] Round 'inline': error (0.3s, $0.0000)
[2026-04-01T23:24:30.375446+00:00] Round 'bg': error (0.3s, $0.0000)
[2026-04-01T23:24:30.432206+00:00] Round 'inline': error (0.3s, $0.0000)
[2026-04-02T00:06:37.906719+00:00] Round 'bg': error (0.3s, $0.0000)
[2026-04-02T00:06:37.958533+00:00] Round 'inline': error (0.3s, $0.0000)
[2026-04-02T00:15:07.934421+00:00] Round 'inline': error (0.3s, $0.0000)
[2026-04-02T03:50:31.182193+00:00] Round 'bg': error (0.3s, $0.0000)
[2026-04-02T03:50:31.279740+00:00] Round 'inline': error (0.3s, $0.0000)
[2026-04-02T03:51:55.547577+00:00] Round 'bg': error (0.3s, $0.0000)
[2026-04-02T03:51:55.630073+00:00] Round 'inline': error (0.3s, $0.0000)
[2026-04-02T03:53:46.832164+00:00] Round 'bg': error (0.3s, $0.0000)
[2026-04-02T03:53:46.924500+00:00] Round 'inline': error (0.3s, $0.0000)
[2026-04-02T03:55:23.790866+00:00] Round 'bg': error (0.3s, $0.0000)
[2026-04-02T03:55:23.858235+00:00] Round 'inline': error (0.3s, $0.0000)
[2026-04-02T03:57:03.126682+00:00] Round 'bg': error (0.3s, $0.0000)
[2026-04-02T03:57:03.179805+00:00] Round 'inline': error (0.3s, $0.0000)
[2026-04-02T18:33:26.709046+00:00] Round 'bg': error (0.3s, $0.0000)
[2026-04-02T18:33:26.852473+00:00] Round 'inline': error (0.4s, $0.0000)
[2026-04-02T18:33:59.727849+00:00] Round 'bg': error (0.3s, $0.0000)
[2026-04-02T18:33:59.776308+00:00] Round 'inline': error (0.3s, $0.0000)
[2026-04-02T18:40:24.928046+00:00] Round 'bg': error (0.3s, $0.0000)
[2026-04-02T18:40:25.035782+00:00] Round 'inline': error (0.3s, $0.0000)
[2026-04-02T18:55:52.215597+00:00] Round 'inline': error (0.3s, $0.0000)
[2026-04-02T18:55:52.292108+00:00] Round 'bg': error (0.5s, $0.0000)
[2026-04-02T19:01:56.088137+00:00] Round 'bg': error (0.3s, $0.0000)
[2026-04-02T19:01:56.239179+00:00] Round 'inline': error (0.4s, $0.0000)
[2026-04-02T19:21:22.126842+00:00] Round 'bg': error (0.3s, $0.0000)
[2026-04-02T19:21:22.132273+00:00] Round 'inline': error (0.3s, $0.0000)
[2026-04-02T19:23:50.402913+00:00] Round 'bg': error (0.3s, $0.0000)
[2026-04-02T19:23:50.467618+00:00] Round 'inline': error (0.3s, $0.0000)
[2026-04-02T19:42:27.920289+00:00] Round 'bg': error (0.3s, $0.0000)
[2026-04-02T19:42:27.973895+00:00] Round 'inline': error (0.3s, $0.0000)
[2026-04-02T20:10:57.786065+00:00] Round 'bg': error (0.3s, $0.0000)
[2026-04-02T20:10:57.809015+00:00] Round 'inline': error (0.3s, $0.0000)
[2026-04-02T20:30:31.759387+00:00] Round 'inline': error (0.3s, $0.0000)
[2026-04-02T20:30:31.803517+00:00] Round 'bg': error (0.4s, $0.0000)
[2026-04-02T20:31:22.899368+00:00] Round 'bg': error (0.3s, $0.0000)
[2026-04-02T20:31:22.913865+00:00] Round 'inline': error (0.3s, $0.0000)
[2026-04-02T20:32:48.787972+00:00] Round 'bg': error (0.3s, $0.0000)
[2026-04-02T20:32:48.842128+00:00] Round 'inline': error (0.3s, $0.0000)
[2026-04-02T20:40:33.431403+00:00] Round 'bg': error (0.3s, $0.0000)
[2026-04-02T20:40:33.538756+00:00] Round 'inline': error (0.3s, $0.0000)
[2026-04-02T21:04:33.186125+00:00] Round 'bg': error (0.4s, $0.0000)
[2026-04-02T21:04:33.276860+00:00] Round 'inline': error (0.4s, $0.0000)
[2026-04-02T21:20:29.240516+00:00] Round 'bg': error (0.3s, $0.0000)
[2026-04-02T21:20:29.304230+00:00] Round 'inline': error (0.3s, $0.0000)
[2026-04-02T21:35:10.117934+00:00] Round 'bg': error (0.0s, $0.0000)
[2026-04-02T21:35:10.277242+00:00] Round 'inline': error (0.1s, $0.0000)
[2026-04-02T22:11:22.664257+00:00] Round 'bg': error (0.4s, $0.0000)
[2026-04-02T22:11:22.673423+00:00] Round 'inline': error (0.3s, $0.0000)
[2026-04-02T22:15:25.715916+00:00] Round 'bg': error (0.3s, $0.0000)
[2026-04-02T22:15:25.817003+00:00] Round 'inline': error (0.3s, $0.0000)
[2026-04-05T12:51:40.850192+00:00] Round 'bg': error (0.3s, $0.0000)
[2026-04-05T12:51:40.949197+00:00] Round 'inline': error (0.3s, $0.0000)
[2026-04-05T13:18:42.047940+00:00] Round 'bg': error (0.3s, $0.0000)
[2026-04-05T13:18:42.136813+00:00] Round 'inline': error (0.3s, $0.0000)
[2026-04-05T13:31:33.850509+00:00] Round 'bg': error (0.3s, $0.0000)
[2026-04-05T13:31:33.991209+00:00] Round 'inline': error (0.3s, $0.0000)
[2026-04-05T13:36:34.739556+00:00] Round 'bg': error (0.3s, $0.0000)
[2026-04-05T13:36:35.098464+00:00] Round 'inline': error (0.5s, $0.0000)
[2026-04-05T16:39:32.847126+00:00] Round 'bg': error (0.3s, $0.0000)
[2026-04-05T16:39:32.902831+00:00] Round 'inline': error (0.3s, $0.0000)
[2026-04-05T16:46:01.973503+00:00] Round 'bg': error (0.3s, $0.0000)
[2026-04-05T16:46:02.069372+00:00] Round 'inline': error (0.3s, $0.0000)
[2026-04-05T16:56:06.296105+00:00] Round 'bg': error (0.3s, $0.0000)
[2026-04-05T16:56:06.383373+00:00] Round 'inline': error (0.3s, $0.0000)
[2026-04-05T17:05:55.760153+00:00] Round 'bg': error (0.3s, $0.0000)
[2026-04-05T17:05:55.871759+00:00] Round 'inline': error (0.3s, $0.0000)
[2026-04-05T17:49:48.573758+00:00] Round 'bg': error (0.3s, $0.0000)
[2026-04-05T17:49:48.666345+00:00] Round 'inline': error (0.3s, $0.0000)
[2026-04-05T18:03:21.120551+00:00] Round 'bg': error (0.3s, $0.0000)
[2026-04-05T18:03:21.225511+00:00] Round 'inline': error (0.3s, $0.0000)
[2026-04-11T15:17:04.462518+00:00] Round 'inline': error (0.3s, $0.0000)
[2026-04-11T15:17:33.285774+00:00] Round 'bg': error (0.3s, $0.0000)
[2026-04-11T15:30:17.043142+00:00] Round 'inline': error (0.3s, $0.0000)
[2026-04-11T15:30:46.027522+00:00] Round 'bg': error (0.3s, $0.0000)
[2026-04-11T17:08:27.851338+00:00] Round 'inline': error (0.3s, $0.0000)
[2026-04-11T17:37:51.074431+00:00] Round 'inline': error (0.4s, $0.0000)
[2026-04-11T20:42:05.953398+00:00] Round 'inline': error (0.4s, $0.0000)
[2026-06-03T17:59:49.580391+00:00] Round 'inline': partial (0.4s, $0.0000)
[2026-06-03T18:18:02.082322+00:00] Round 'inline': partial (0.4s, $0.0000)
[2026-06-03T18:19:33.418365+00:00] Round 'inline': partial (0.4s, $0.0000)
[2026-06-03T18:20:31.693395+00:00] Round 'inline': error (0.0s, $0.0000)
[2026-06-03T18:21:00.278745+00:00] Round 'bg': error (0.0s, $0.0000)
[2026-06-05T15:49:53.946610+00:00] Round 'inline': error (0.4s, $0.0000)
[2026-06-05T16:07:48.872681+00:00] Round 'inline': error (0.4s, $0.0000)
[2026-06-05T16:09:23.141935+00:00] Round 'inline': error (0.5s, $0.0000)
[2026-06-05T16:10:31.099867+00:00] Round 'inline': error (0.0s, $0.0000)
[2026-06-05T16:11:15.492914+00:00] Round 'bg': error (0.0s, $0.0000)
[2026-06-05T16:16:41.491647+00:00] Round 'inline': error (0.4s, $0.0000)
[2026-06-05T16:32:18.969272+00:00] Round 'inline': error (0.4s, $0.0000)
[2026-06-05T16:33:18.140042+00:00] Round 'inline': error (0.4s, $0.0000)
[2026-06-05T16:34:39.116015+00:00] Round 'inline': error (0.4s, $0.0000)
[2026-06-05T16:50:25.490683+00:00] Round 'inline': error (0.4s, $0.0000)
[2026-06-05T16:51:58.246601+00:00] Round 'inline': error (0.4s, $0.0000)
[2026-06-05T16:52:53.671137+00:00] Round 'inline': error (0.0s, $0.0000)
[2026-06-05T16:54:01.636817+00:00] Round 'bg': error (0.0s, $0.0000)
[2026-06-05T16:56:15.637033+00:00] Round 'inline': error (0.5s, $0.0000)
[2026-06-05T16:57:47.030091+00:00] Round 'inline': error (0.5s, $0.0000)
[2026-06-05T17:10:14.098568+00:00] Round 'inline': done (14.7s, $0.0746)
[2026-06-05T17:11:43.659860+00:00] Round 'inline': done (12.0s, $0.0747)
[2026-06-05T17:14:07.245024+00:00] Round 'inline': done (20.6s, $0.0779)
[2026-06-05T17:29:42.814164+00:00] Round 'inline': done (15.1s, $0.0112)
[2026-06-05T17:31:05.180073+00:00] Round 'inline': done (15.3s, $0.0113)
[2026-06-05T17:32:48.301005+00:00] Round 'inline': error (0.0s, $0.0000)
[2026-06-05T17:33:27.623483+00:00] Round 'bg': error (0.0s, $0.0000)
[2026-06-05T17:36:09.312765+00:00] Round 'inline': error (0.0s, $0.0000)
[2026-06-05T17:36:40.478449+00:00] Round 'bg': error (0.0s, $0.0000)
[2026-06-05T17:49:10.982948+00:00] Round 'inline': done (13.8s, $0.0764)
[2026-06-05T18:06:22.385318+00:00] Round 'inline': done (14.8s, $0.0747)
[2026-06-05T18:08:05.940948+00:00] Round 'inline': done (14.5s, $0.0747)
[2026-06-05T18:09:21.191064+00:00] Round 'inline': error (0.0s, $0.0000)
[2026-06-05T18:09:51.634548+00:00] Round 'bg': error (0.0s, $0.0000)
[2026-06-05T18:12:01.212384+00:00] Round 'inline': error (0.0s, $0.0000)
[2026-06-05T18:12:35.804948+00:00] Round 'bg': error (0.0s, $0.0000)
[2026-06-05T18:14:21.979860+00:00] Round 'inline': done (22.6s, $0.0797)
[2026-06-05T18:31:36.817393+00:00] Round 'inline': done (14.4s, $0.0111)
[2026-06-05T18:33:22.290359+00:00] Round 'inline': done (15.1s, $0.0747)
[2026-06-05T19:14:10.932085+00:00] Round 'inline': error (0.0s, $0.0000)
[2026-06-05T19:14:56.819246+00:00] Round 'bg': error (0.0s, $0.0000)
[2026-06-06T00:05:56.776196+00:00] Round 'inline': error (0.0s, $0.0000)
[2026-06-06T00:07:14.295977+00:00] Round 'bg': error (0.0s, $0.0000)
[2026-06-06T00:14:31.338997+00:00] Round 'inline': done (22.4s, $0.0787)
[2026-06-06T17:32:54.595752+00:00] Round 'inline': done (23.3s, $0.0453)
[2026-06-06T17:51:01.267886+00:00] Round 'inline': done (14.3s, $0.0406)
[2026-06-06T17:52:51.129335+00:00] Round 'inline': done (14.2s, $0.0406)
[2026-06-06T17:54:13.315146+00:00] Round 'inline': error (0.0s, $0.0000)
[2026-06-06T17:54:40.172140+00:00] Round 'bg': error (0.0s, $0.0000)
[2026-06-06T20:26:49.036020+00:00] Round 'bg': error (0.0s, $0.0000)
[2026-06-06T20:26:49.680559+00:00] Round 'inline': error (0.0s, $0.0000)
[2026-06-06T20:27:40.944386+00:00] Round 'inline': done (14.6s, $0.0441)
[2026-06-06T20:27:41.604928+00:00] Round 'inline': done (6.1s, $0.0407)
[2026-06-06T20:27:47.892621+00:00] Round 'inline': done (15.0s, $0.0406)
[2026-06-06T21:00:01.718056+00:00] Round 'inline': error (0.0s, $0.0000)
[2026-06-06T21:00:03.870703+00:00] Round 'bg': error (0.0s, $0.0000)
[2026-06-06T21:00:53.129822+00:00] Round 'inline': done (5.5s, $0.0453)
[2026-06-06T21:00:56.605522+00:00] Round 'inline': done (13.8s, $0.0473)
[2026-06-06T21:01:03.602832+00:00] Round 'inline': done (13.9s, $0.0500)
[2026-06-06T21:20:30.394218+00:00] Round 'bg': error (0.0s, $0.0000)
[2026-06-06T21:20:31.290724+00:00] Round 'inline': error (0.0s, $0.0000)
[2026-06-06T21:21:13.884184+00:00] Round 'inline': done (6.3s, $0.0453)
[2026-06-06T21:21:22.682559+00:00] Round 'inline': done (5.9s, $0.0437)
[2026-06-06T21:21:52.858271+00:00] Round 'inline': done (22.8s, $0.0530)
[2026-06-06T22:04:12.999956+00:00] Round 'inline': error (0.0s, $0.0000)
[2026-06-06T22:04:13.914129+00:00] Round 'bg': error (0.0s, $0.0000)
[2026-06-06T22:04:44.587617+00:00] Round 'inline': done (13.9s, $0.0507)
[2026-06-06T22:04:58.420147+00:00] Round 'inline': done (5.8s, $0.0441)
[2026-06-06T22:05:04.633728+00:00] Round 'inline': done (14.7s, $0.0477)
[2026-06-06T22:06:27.645936+00:00] Round 'inline': done (22.3s, $0.0521)
[2026-06-06T22:20:51.403684+00:00] Round 'inline': error (0.0s, $0.0000)
[2026-06-06T22:21:15.765208+00:00] Round 'inline': done (13.1s, $0.0496)
[2026-06-06T22:21:34.559699+00:00] Round 'inline': done (5.7s, $0.0458)
[2026-06-06T22:21:41.390260+00:00] Round 'inline': done (6.2s, $0.0458)
[2026-06-06T22:23:06.056916+00:00] Round 'inline': done (13.5s, $0.0132)
[2026-06-06T22:23:33.768371+00:00] Round 'bg': error (0.0s, $0.0000)
[2026-06-06T22:42:41.783174+00:00] Round 'inline': error (0.0s, $0.0000)
[2026-06-06T22:42:43.922470+00:00] Round 'bg': error (0.0s, $0.0000)
[2026-06-06T22:43:10.344163+00:00] Round 'inline': done (17.5s, $0.0532)
[2026-06-06T22:43:26.353175+00:00] Round 'inline': done (5.5s, $0.0088)
[2026-06-06T22:43:33.865125+00:00] Round 'inline': done (6.2s, $0.0476)
[2026-06-07T00:03:24.527981+00:00] Round 'inline': error (0.0s, $0.0000)
[2026-06-07T00:03:25.097362+00:00] Round 'bg': error (0.0s, $0.0000)
[2026-06-07T00:03:57.917459+00:00] Round 'inline': done (16.3s, $0.0539)
[2026-06-07T00:04:15.135542+00:00] Round 'inline': done (5.4s, $0.0441)
[2026-06-07T00:04:15.836829+00:00] Round 'inline': done (14.7s, $0.0487)
[2026-06-07T14:54:28.679881+00:00] Round 'inline': error (0.0s, $0.0000)
[2026-06-07T14:54:32.763706+00:00] Round 'bg': error (0.0s, $0.0000)
[2026-06-07T14:55:10.525259+00:00] Round 'inline': done (5.6s, $0.0441)
[2026-06-07T14:55:14.554654+00:00] Round 'inline': done (15.6s, $0.0536)
[2026-06-07T14:55:21.060881+00:00] Round 'inline': done (14.2s, $0.0489)
[2026-06-07T15:12:41.232217+00:00] Round 'inline': error (0.0s, $0.0000)
[2026-06-07T15:12:42.894413+00:00] Round 'bg': error (0.0s, $0.0000)
[2026-06-07T15:13:21.596769+00:00] Round 'inline': done (18.2s, $0.0507)
[2026-06-07T15:13:30.541771+00:00] Round 'inline': done (6.0s, $0.0087)
[2026-06-07T15:13:32.442211+00:00] Round 'inline': done (6.0s, $0.0443)
[2026-06-07T15:48:42.680971+00:00] Round 'inline': error (0.0s, $0.0000)
[2026-06-07T15:48:43.925540+00:00] Round 'bg': error (0.0s, $0.0000)
[2026-06-07T15:49:18.369383+00:00] Round 'inline': done (15.9s, $0.0148)
[2026-06-07T15:49:34.082443+00:00] Round 'inline': done (14.9s, $0.0487)
[2026-06-07T15:49:44.439554+00:00] Round 'inline': done (14.6s, $0.0090)
[2026-06-07T16:27:27.080733+00:00] Round 'inline': error (0.0s, $0.0000)
[2026-06-07T16:27:27.637963+00:00] Round 'bg': error (0.0s, $0.0000)
[2026-06-07T16:28:03.206813+00:00] Round 'inline': done (14.4s, $0.0497)
[2026-06-07T16:28:07.973281+00:00] Round 'inline': done (5.3s, $0.0448)
[2026-06-07T16:28:08.598753+00:00] Round 'inline': done (5.2s, $0.0447)
[2026-06-07T19:41:38.023374+00:00] Round 'inline': error (0.0s, $0.0000)
[2026-06-07T19:41:40.191064+00:00] Round 'bg': error (0.0s, $0.0000)
[2026-06-07T19:41:50.651275+00:00] Round 'inline': done (6.6s, $0.0456)
[2026-06-07T19:41:54.421627+00:00] Round 'inline': done (19.2s, $0.1071)
[2026-06-07T19:42:15.718437+00:00] Round 'inline': done (6.9s, $0.0484)
[2026-06-07T20:00:15.906991+00:00] Round 'inline': error (0.0s, $0.0000)
[2026-06-07T20:00:17.881721+00:00] Round 'bg': error (0.0s, $0.0000)
[2026-06-07T20:00:27.245254+00:00] Round 'inline': done (5.6s, $0.0482)
[2026-06-07T20:00:37.380584+00:00] Round 'inline': done (25.4s, $0.0555)
[2026-06-07T20:01:11.579597+00:00] Round 'inline': done (15.5s, $0.0458)
[2026-06-07T20:46:42.524226+00:00] Round 'inline': error (0.1s, $0.0000)
[2026-06-07T20:46:44.542962+00:00] Round 'bg': error (0.0s, $0.0000)
[2026-06-07T20:46:54.927924+00:00] Round 'inline': done (6.2s, $0.0475)
[2026-06-07T20:47:04.170029+00:00] Round 'inline': done (24.1s, $0.0549)
[2026-06-07T20:47:24.516134+00:00] Round 'inline': done (5.3s, $0.0464)
[2026-06-07T20:49:08.040852+00:00] Round 'inline': done (23.2s, $0.0141)
[2026-06-07T21:05:40.151743+00:00] Round 'inline': error (0.0s, $0.0000)
[2026-06-07T21:05:41.402251+00:00] Round 'bg': error (0.0s, $0.0000)
[2026-06-07T21:05:50.918876+00:00] Round 'inline': done (5.9s, $0.0458)
[2026-06-07T21:06:00.687282+00:00] Round 'inline': done (25.1s, $0.0146)
[2026-06-07T21:06:14.486321+00:00] Round 'inline': done (6.3s, $0.0503)
[2026-06-07T21:26:24.302242+00:00] Round 'inline': error (0.0s, $0.0000)
[2026-06-07T21:26:25.148480+00:00] Round 'bg': error (0.0s, $0.0000)
[2026-06-07T21:26:36.157091+00:00] Round 'inline': done (6.1s, $0.0465)
[2026-06-07T21:26:41.596365+00:00] Round 'inline': done (21.5s, $0.0154)
[2026-06-07T21:27:12.473106+00:00] Round 'inline': done (6.1s, $0.0488)
[2026-06-07T22:05:24.178838+00:00] Round 'inline': error (0.0s, $0.0000)
[2026-06-07T22:05:25.850329+00:00] Round 'bg': error (0.0s, $0.0000)
[2026-06-07T22:05:38.116401+00:00] Round 'inline': done (9.3s, $0.0088)
[2026-06-07T22:05:39.601817+00:00] Round 'inline': done (19.7s, $0.0549)
[2026-06-07T22:06:12.202383+00:00] Round 'inline': done (5.5s, $0.0466)
